AplikasiKampus/app/build/intermediates/manifest_merge_blame_file/debug/manifest-merger-blame-debug-report.txt
1<?xml version="1.0" encoding="utf-8"?>
2<manifest xmlns:android="http://schemas.android.com/apk/res/android"
3    package="com.kus.aplikasikampus"
4    android:versionCode="1"
5    android:versionName="1.0" >
6
7    <uses-sdk
8        android:minSdkVersion="15"
8-->src\main\AndroidManifest.xml
9        android:targetSdkVersion="29" />
9-->src\main\AndroidManifest.xml
10
11    <uses-permission android:name="android.permission.ACCESS_FINE_LOCATION" />
11-->src\main\AndroidManifest.xml:5:5-79
11-->src\main\AndroidManifest.xml:5:22-76
12
13    <uses-feature
13-->[com.mapbox.mapboxsdk:mapbox-android-sdk:8.5.0] AndroidManifest.xml:9:5-11:35
14        android:glEsVersion="0x00020000"
14-->[com.mapbox.mapboxsdk:mapbox-android-sdk:8.5.0] AndroidManifest.xml:10:9-41
15        android:required="true" />
15-->[com.mapbox.mapboxsdk:mapbox-android-sdk:8.5.0] AndroidManifest.xml:11:9-32
16    <uses-feature
16-->[com.mapbox.mapboxsdk:mapbox-android-sdk:8.5.0] AndroidManifest.xml:12:5-14:36
17        android:name="android.hardware.wifi"
17-->[com.mapbox.mapboxsdk:mapbox-android-sdk:8.5.0] AndroidManifest.xml:13:9-45
18        android:required="false" /> <!-- Implied by ACCESS_WIFI_STATE. -->
18-->[com.mapbox.mapboxsdk:mapbox-android-sdk:8.5.0] AndroidManifest.xml:14:9-33
19    <uses-permission android:name="android.permission.INTERNET" />
19-->[com.mapbox.mapboxsdk:mapbox-android-sdk:8.5.0] AndroidManifest.xml:16:5-67
19-->[com.mapbox.mapboxsdk:mapbox-android-sdk:8.5.0] AndroidManifest.xml:16:22-64
20    <uses-permission android:name="android.permission.ACCESS_NETWORK_STATE" />
20-->[com.mapbox.mapboxsdk:mapbox-android-sdk:8.5.0] AndroidManifest.xml:17:5-79
20-->[com.mapbox.mapboxsdk:mapbox-android-sdk:8.5.0] AndroidManifest.xml:17:22-76
21    <uses-permission android:name="android.permission.ACCESS_WIFI_STATE" /> <!-- Required for CrashReporterJobIntentService on API levels below 25 -->
21-->[com.mapbox.mapboxsdk:mapbox-android-sdk:8.5.0] AndroidManifest.xml:18:5-76
21-->[com.mapbox.mapboxsdk:mapbox-android-sdk:8.5.0] AndroidManifest.xml:18:22-73
22    <uses-permission android:name="android.permission.WAKE_LOCK" />
22-->[com.mapbox.mapboxsdk:mapbox-android-telemetry:4.5.1] AndroidManifest.xml:12:5-68
22-->[com.mapbox.mapboxsdk:mapbox-android-telemetry:4.5.1] AndroidManifest.xml:12:22-65
23
24    <application
24-->src\main\AndroidManifest.xml:7:5-40:19
25        android:allowBackup="true"
25-->src\main\AndroidManifest.xml:8:9-35
26        android:appComponentFactory="androidx.core.app.CoreComponentFactory"
26-->[androidx.core:core:1.1.0] AndroidManifest.xml:24:18-86
27        android:debuggable="true"
28        android:icon="@drawable/logoubl"
28-->src\main\AndroidManifest.xml:9:9-41
29        android:label="@string/app_name"
29-->src\main\AndroidManifest.xml:10:9-41
30        android:roundIcon="@mipmap/ic_launcher_round"
30-->src\main\AndroidManifest.xml:11:9-54
31        android:supportsRtl="true"
31-->src\main\AndroidManifest.xml:12:9-35
32        android:testOnly="true"
33        android:theme="@style/AppTheme" >
33-->src\main\AndroidManifest.xml:13:9-40
34        <activity android:name="com.kus.aplikasikampus.ConfirmDosen" />
34-->src\main\AndroidManifest.xml:14:9-59
34-->src\main\AndroidManifest.xml:14:19-47
35        <activity android:name="com.kus.aplikasikampus.EditProfileDosen" />
35-->src\main\AndroidManifest.xml:15:9-54
35-->src\main\AndroidManifest.xml:15:19-51
36        <activity
36-->src\main\AndroidManifest.xml:16:9-19:59
37            android:name="com.kus.aplikasikampus.MainActivity"
37-->src\main\AndroidManifest.xml:17:13-41
38            android:label="@string/action_settings"
38-->src\main\AndroidManifest.xml:18:13-52
39            android:theme="@style/AppTheme.NoActionBar" />
39-->src\main\AndroidManifest.xml:19:13-56
40        <activity android:name="com.kus.aplikasikampus.Profile" />
40-->src\main\AndroidManifest.xml:20:9-45
40-->src\main\AndroidManifest.xml:20:19-42
41        <activity android:name="com.kus.aplikasikampus.Help" />
41-->src\main\AndroidManifest.xml:21:9-42
41-->src\main\AndroidManifest.xml:21:19-39
42        <activity android:name="com.kus.aplikasikampus.AkademikDosen" />
42-->src\main\AndroidManifest.xml:22:9-51
42-->src\main\AndroidManifest.xml:22:19-48
43        <activity android:name="com.kus.aplikasikampus.ProfileDosen" />
43-->src\main\AndroidManifest.xml:23:9-50
43-->src\main\AndroidManifest.xml:23:19-47
44        <activity android:name="com.kus.aplikasikampus.LoginDosen" />
44-->src\main\AndroidManifest.xml:24:9-48
44-->src\main\AndroidManifest.xml:24:19-45
45        <activity android:name="com.kus.aplikasikampus.LoginActivity" />
45-->src\main\AndroidManifest.xml:25:9-51
45-->src\main\AndroidManifest.xml:25:19-48
46        <activity android:name="com.kus.aplikasikampus.Akademik" />
46-->src\main\AndroidManifest.xml:26:9-46
46-->src\main\AndroidManifest.xml:26:19-43
47        <activity android:name="com.kus.aplikasikampus.Keuangan" />
47-->src\main\AndroidManifest.xml:27:9-46
47-->src\main\AndroidManifest.xml:27:19-43
48        <activity android:name="com.kus.aplikasikampus.Register" />
48-->src\main\AndroidManifest.xml:28:9-46
48-->src\main\AndroidManifest.xml:28:19-43
49        <activity android:name="com.kus.aplikasikampus.MainMenuDosen" />
49-->src\main\AndroidManifest.xml:29:9-51
49-->src\main\AndroidManifest.xml:29:19-48
50        <activity android:name="com.kus.aplikasikampus.MainMenu" />
50-->src\main\AndroidManifest.xml:30:9-46
50-->src\main\AndroidManifest.xml:30:19-43
51        <activity android:name="com.kus.aplikasikampus.EditProfile" />
51-->src\main\AndroidManifest.xml:31:9-49
51-->src\main\AndroidManifest.xml:31:19-46
52        <activity android:name="com.kus.aplikasikampus.Confirm" />
52-->src\main\AndroidManifest.xml:32:9-45
52-->src\main\AndroidManifest.xml:32:19-42
53        <activity android:name="com.kus.aplikasikampus.WelcomeActivity" >
53-->src\main\AndroidManifest.xml:33:9-39:20
53-->src\main\AndroidManifest.xml:33:19-50
54            <intent-filter>
54-->src\main\AndroidManifest.xml:34:13-38:29
55                <action android:name="android.intent.action.MAIN" />
55-->src\main\AndroidManifest.xml:35:17-69
55-->src\main\AndroidManifest.xml:35:25-66
56
57                <category android:name="android.intent.category.LAUNCHER" />
57-->src\main\AndroidManifest.xml:37:17-77
57-->src\main\AndroidManifest.xml:37:27-74
58            </intent-filter>
59        </activity>
60
61        <provider
61-->[com.mapbox.mapboxsdk:mapbox-android-telemetry:4.5.1] AndroidManifest.xml:19:9-23:39
62            android:name="com.mapbox.android.telemetry.provider.MapboxTelemetryInitProvider"
62-->[com.mapbox.mapboxsdk:mapbox-android-telemetry:4.5.1] AndroidManifest.xml:20:13-93
63            android:authorities="com.kus.aplikasikampus.mapboxtelemetryinitprovider"
63-->[com.mapbox.mapboxsdk:mapbox-android-telemetry:4.5.1] AndroidManifest.xml:21:13-79
64            android:exported="false"
64-->[com.mapbox.mapboxsdk:mapbox-android-telemetry:4.5.1] AndroidManifest.xml:22:13-37
65            android:initOrder="100" />
65-->[com.mapbox.mapboxsdk:mapbox-android-telemetry:4.5.1] AndroidManifest.xml:23:13-36
66
67        <service
67-->[com.mapbox.mapboxsdk:mapbox-android-telemetry:4.5.1] AndroidManifest.xml:25:9-27:72
68            android:name="com.mapbox.android.telemetry.crash.CrashReporterJobIntentService"
68-->[com.mapbox.mapboxsdk:mapbox-android-telemetry:4.5.1] AndroidManifest.xml:26:13-92
69            android:permission="android.permission.BIND_JOB_SERVICE" />
69-->[com.mapbox.mapboxsdk:mapbox-android-telemetry:4.5.1] AndroidManifest.xml:27:13-69
70    </application>
71
72</manifest>